{
  "stats": {
    "suites": 1,
    "tests": 9,
    "passes": 9,
    "pending": 0,
    "failures": 0,
    "start": "2025-11-06T14:16:48.141Z",
    "end": "2025-11-06T14:16:49.668Z",
    "duration": 1527,
    "testsRegistered": 9,
    "passPercent": 100,
    "pendingPercent": 0,
    "other": 0,
    "hasOther": false,
    "skipped": 0,
    "hasSkipped": false
  },
  "results": [
    {
      "uuid": "965557f9-6f07-47d4-a604-e627f279dfe9",
      "title": "",
      "fullFile": "cypress\\e2e\\clientDataManagement.cy.js",
      "file": "cypress\\e2e\\clientDataManagement.cy.js",
      "beforeHooks": [],
      "afterHooks": [],
      "tests": [],
      "suites": [
        {
          "uuid": "30227ac7-72e9-435b-a2d0-63d7598263bc",
          "title": "Client Data Management APIs - Status Check Only",
          "fullFile": "",
          "file": "",
          "beforeHooks": [],
          "afterHooks": [],
          "tests": [
            {
              "title": "Create a new client",
              "fullTitle": "Client Data Management APIs - Status Check Only Create a new client",
              "timedOut": null,
              "duration": 301,
              "state": "passed",
              "speed": "fast",
              "pass": true,
              "fail": false,
              "pending": false,
              "context": null,
              "code": "apiRequest('POST', '/clients', {\n  type: 'Individual',\n  idType: 'NationalIdentity',\n  countryCode: 'SA',\n  phoneNumber: '500000001',\n  firstNameEn: 'John',\n  lastNameEn: 'Doe',\n  nameEn: 'John Doe',\n  nationalityCode: 'SA',\n  status: 'Active'\n}).then(res => {\n  cy.log(`Status: ${res.status}`);\n  expect(res.status).to.be.oneOf([200, 201]);\n});",
              "err": {},
              "uuid": "1c7724cf-7233-4851-b501-b56d4fecbbf0",
              "parentUUID": "30227ac7-72e9-435b-a2d0-63d7598263bc",
              "isHook": false,
              "skipped": false
            },
            {
              "title": "Get paginated clients",
              "fullTitle": "Client Data Management APIs - Status Check Only Get paginated clients",
              "timedOut": null,
              "duration": 142,
              "state": "passed",
              "speed": "fast",
              "pass": true,
              "fail": false,
              "pending": false,
              "context": null,
              "code": "apiRequest('GET', '/clients?page=1&size=5').then(res => {\n  cy.log(`Status: ${res.status}`);\n  expect(res.status).to.eq(200);\n});",
              "err": {},
              "uuid": "91d53e28-b1b6-4156-bc14-3c9a3c6d40b5",
              "parentUUID": "30227ac7-72e9-435b-a2d0-63d7598263bc",
              "isHook": false,
              "skipped": false
            },
            {
              "title": "Get client by ID",
              "fullTitle": "Client Data Management APIs - Status Check Only Get client by ID",
              "timedOut": null,
              "duration": 151,
              "state": "passed",
              "speed": "fast",
              "pass": true,
              "fail": false,
              "pending": false,
              "context": null,
              "code": "apiRequest('GET', `/clients/${clientId}`).then(res => {\n  cy.log(`Status: ${res.status}`);\n  expect(res.status).to.eq(200);\n});",
              "err": {},
              "uuid": "76c0e79c-2dfb-4acd-9794-3010cfd33792",
              "parentUUID": "30227ac7-72e9-435b-a2d0-63d7598263bc",
              "isHook": false,
              "skipped": false
            },
            {
              "title": "Update client",
              "fullTitle": "Client Data Management APIs - Status Check Only Update client",
              "timedOut": null,
              "duration": 140,
              "state": "passed",
              "speed": "fast",
              "pass": true,
              "fail": false,
              "pending": false,
              "context": null,
              "code": "apiRequest('PUT', `/clients/${clientId}`, {\n  type: 'Individual',\n  idType: 'NationalIdentity',\n  countryCode: 'SA',\n  phoneNumber: '500000001',\n  firstNameEn: 'John Updated',\n  lastNameEn: 'Doe',\n  nameEn: 'John Updated Doe',\n  nationalityCode: 'SA',\n  status: 'Active'\n}).then(res => {\n  cy.log(`Status: ${res.status}`);\n  expect(res.status).to.eq(200);\n});",
              "err": {},
              "uuid": "6bfb7305-ad17-4cb0-8504-ba236e6fdc76",
              "parentUUID": "30227ac7-72e9-435b-a2d0-63d7598263bc",
              "isHook": false,
              "skipped": false
            },
            {
              "title": "Update client status",
              "fullTitle": "Client Data Management APIs - Status Check Only Update client status",
              "timedOut": null,
              "duration": 132,
              "state": "passed",
              "speed": "fast",
              "pass": true,
              "fail": false,
              "pending": false,
              "context": null,
              "code": "apiRequest('PATCH', `/clients/${clientId}/status`, {\n  status: 'Blocked'\n}).then(res => {\n  cy.log(`Status: ${res.status}`);\n  expect(res.status).to.eq(200);\n});",
              "err": {},
              "uuid": "3be76f2f-b8fc-413d-8383-35cce5f04988",
              "parentUUID": "30227ac7-72e9-435b-a2d0-63d7598263bc",
              "isHook": false,
              "skipped": false
            },
            {
              "title": "Get client status by ID",
              "fullTitle": "Client Data Management APIs - Status Check Only Get client status by ID",
              "timedOut": null,
              "duration": 140,
              "state": "passed",
              "speed": "fast",
              "pass": true,
              "fail": false,
              "pending": false,
              "context": null,
              "code": "apiRequest('GET', `/clients/${clientId}/status`).then(res => {\n  cy.log(`Status: ${res.status}`);\n  expect(res.status).to.eq(200);\n});",
              "err": {},
              "uuid": "885634f6-dca6-4d52-a868-78b06a171615",
              "parentUUID": "30227ac7-72e9-435b-a2d0-63d7598263bc",
              "isHook": false,
              "skipped": false
            },
            {
              "title": "Archive client",
              "fullTitle": "Client Data Management APIs - Status Check Only Archive client",
              "timedOut": null,
              "duration": 141,
              "state": "passed",
              "speed": "fast",
              "pass": true,
              "fail": false,
              "pending": false,
              "context": null,
              "code": "apiRequest('PATCH', `/clients/${clientId}/archive`).then(res => {\n  cy.log(`Status: ${res.status}`);\n  expect(res.status).to.eq(200);\n});",
              "err": {},
              "uuid": "2e624930-2c85-4abd-bc0c-6b5865e4d9f5",
              "parentUUID": "30227ac7-72e9-435b-a2d0-63d7598263bc",
              "isHook": false,
              "skipped": false
            },
            {
              "title": "Get archived clients with cases",
              "fullTitle": "Client Data Management APIs - Status Check Only Get archived clients with cases",
              "timedOut": null,
              "duration": 141,
              "state": "passed",
              "speed": "fast",
              "pass": true,
              "fail": false,
              "pending": false,
              "context": null,
              "code": "apiRequest('GET', '/clients/archived-with-cases').then(res => {\n  cy.log(`Status: ${res.status}`);\n  expect(res.status).to.eq(200);\n});",
              "err": {},
              "uuid": "678cebd9-aea3-4926-8090-34d6ef0d7329",
              "parentUUID": "30227ac7-72e9-435b-a2d0-63d7598263bc",
              "isHook": false,
              "skipped": false
            },
            {
              "title": "Bulk insert clients for ongoing monitoring",
              "fullTitle": "Client Data Management APIs - Status Check Only Bulk insert clients for ongoing monitoring",
              "timedOut": null,
              "duration": 141,
              "state": "passed",
              "speed": "fast",
              "pass": true,
              "fail": false,
              "pending": false,
              "context": null,
              "code": "apiRequest('POST', '/clients/bulk', {\n  clients: [{\n    type: 'Individual',\n    idType: 'NationalIdentity',\n    countryCode: 'SA',\n    phoneNumber: '500000003',\n    firstNameEn: 'Bulk',\n    lastNameEn: 'Client1',\n    nameEn: 'Bulk Client1',\n    nationalityCode: 'SA'\n  }, {\n    type: 'Individual',\n    idType: 'NationalIdentity',\n    countryCode: 'SA',\n    phoneNumber: '500000004',\n    firstNameEn: 'Bulk',\n    lastNameEn: 'Client2',\n    nameEn: 'Bulk Client2',\n    nationalityCode: 'SA'\n  }],\n  duplicateMode: 'Skip'\n}).then(res => {\n  cy.log(`Status: ${res.status}`);\n  expect(res.status).to.be.oneOf([200, 201]);\n});",
              "err": {},
              "uuid": "21126455-d25a-484a-b704-6e33b0acc916",
              "parentUUID": "30227ac7-72e9-435b-a2d0-63d7598263bc",
              "isHook": false,
              "skipped": false
            }
          ],
          "suites": [],
          "passes": [
            "1c7724cf-7233-4851-b501-b56d4fecbbf0",
            "91d53e28-b1b6-4156-bc14-3c9a3c6d40b5",
            "76c0e79c-2dfb-4acd-9794-3010cfd33792",
            "6bfb7305-ad17-4cb0-8504-ba236e6fdc76",
            "3be76f2f-b8fc-413d-8383-35cce5f04988",
            "885634f6-dca6-4d52-a868-78b06a171615",
            "2e624930-2c85-4abd-bc0c-6b5865e4d9f5",
            "678cebd9-aea3-4926-8090-34d6ef0d7329",
            "21126455-d25a-484a-b704-6e33b0acc916"
          ],
          "failures": [],
          "pending": [],
          "skipped": [],
          "duration": 1429,
          "root": false,
          "rootEmpty": false,
          "_timeout": 2000
        }
      ],
      "passes": [],
      "failures": [],
      "pending": [],
      "skipped": [],
      "duration": 0,
      "root": true,
      "rootEmpty": true,
      "_timeout": 2000
    }
  ],
  "meta": {
    "mocha": {
      "version": "7.2.0"
    },
    "mochawesome": {
      "options": {
        "quiet": false,
        "reportFilename": "mochawesome",
        "saveHtml": false,
        "saveJson": true,
        "consoleReporter": "spec",
        "useInlineDiffs": false,
        "code": true
      },
      "version": "7.1.4"
    },
    "marge": {
      "options": {
        "reportDir": "cypress/reports",
        "overwrite": false,
        "html": false,
        "json": true,
        "timestamp": "mmddyyyy_HHMMss"
      },
      "version": "6.3.1"
    }
  }
}