{
  "stats": {
    "suites": 1,
    "tests": 1,
    "passes": 1,
    "pending": 0,
    "failures": 0,
    "start": "2025-11-06T14:17:12.991Z",
    "end": "2025-11-06T14:17:13.513Z",
    "duration": 522,
    "testsRegistered": 1,
    "passPercent": 100,
    "pendingPercent": 0,
    "other": 0,
    "hasOther": false,
    "skipped": 0,
    "hasSkipped": false
  },
  "results": [
    {
      "uuid": "91c35a2a-e507-4ec0-9392-1044dc8c90a9",
      "title": "",
      "fullFile": "cypress\\e2e\\watchListManagement.cy.js",
      "file": "cypress\\e2e\\watchListManagement.cy.js",
      "beforeHooks": [],
      "afterHooks": [],
      "tests": [],
      "suites": [
        {
          "uuid": "b8fa9354-18c7-4f2d-95ab-6ea8db75d027",
          "title": "Watchlist Management APIs - Status Check Only",
          "fullFile": "",
          "file": "",
          "beforeHooks": [],
          "afterHooks": [],
          "tests": [
            {
              "title": "Perform client screening against watchlists",
              "fullTitle": "Watchlist Management APIs - Status Check Only Perform client screening against watchlists",
              "timedOut": null,
              "duration": 498,
              "state": "passed",
              "speed": "fast",
              "pass": true,
              "fail": false,
              "pending": false,
              "context": null,
              "code": "apiRequest('POST', '/clients/screening', {\n  type: 'Individual',\n  idType: 'NationalIdentity',\n  countryCode: 'SA',\n  phoneNumber: '500000002',\n  firstNameEn: 'Watch',\n  lastNameEn: 'List',\n  nameEn: 'Watch List',\n  nationalityCode: 'SA',\n  allowAutoOnboarding: true\n}).then(res => {\n  cy.log(`Status: ${res.status}`);\n  expect(res.status).to.be.oneOf([200, 201]);\n});",
              "err": {},
              "uuid": "52479212-44bf-40b4-a721-554f597fb765",
              "parentUUID": "b8fa9354-18c7-4f2d-95ab-6ea8db75d027",
              "isHook": false,
              "skipped": false
            }
          ],
          "suites": [],
          "passes": [
            "52479212-44bf-40b4-a721-554f597fb765"
          ],
          "failures": [],
          "pending": [],
          "skipped": [],
          "duration": 498,
          "root": false,
          "rootEmpty": false,
          "_timeout": 2000
        }
      ],
      "passes": [],
      "failures": [],
      "pending": [],
      "skipped": [],
      "duration": 0,
      "root": true,
      "rootEmpty": true,
      "_timeout": 2000
    }
  ],
  "meta": {
    "mocha": {
      "version": "7.2.0"
    },
    "mochawesome": {
      "options": {
        "quiet": false,
        "reportFilename": "mochawesome",
        "saveHtml": false,
        "saveJson": true,
        "consoleReporter": "spec",
        "useInlineDiffs": false,
        "code": true
      },
      "version": "7.1.4"
    },
    "marge": {
      "options": {
        "reportDir": "cypress/reports",
        "overwrite": false,
        "html": false,
        "json": true,
        "timestamp": "mmddyyyy_HHMMss"
      },
      "version": "6.3.1"
    }
  }
}